<?xml version="1.0" encoding="UTF-8" ?>
<testsuites>
  <testsuite errors="0" failures="0" hostname="WIN-G8F8AEF1CLL" id="0" name="PointValidatorTest" package="" skipped="0" tests="4" time="0.205" timestamp="2024-06-08T14:57:02">
      <properties>
[...]
</properties>

      <testcase classname="PointValidatorTest" name="testHitInSector" time="0.025" />

      <testcase classname="PointValidatorTest" name="testHitInTriangle" time="0.001" />

      <testcase classname="PointValidatorTest" name="testHitInRectangle" time="0.0" />

      <testcase classname="PointValidatorTest" name="testHitInArea" time="0.001" />

      <system-out><![CDATA[]]></system-out>

      <system-err><![CDATA[]]></system-err>

  </testsuite>
</testsuites>
